<?xml version="1.0" encoding="UTF-8"?>
<testng-results ignored="0" total="1" passed="1" failed="0" skipped="0">
  <reporter-output>
  </reporter-output>
  <suite started-at="2024-04-27T12:44:29 IST" name="Cucumber Tests cross browser" finished-at="2024-04-27T12:44:40 IST" duration-ms="11371">
    <groups>
      <group name="cucumber">
        <method signature="AbstractTestNGCucumberTests.runScenario(io.cucumber.testng.PickleWrapper,io.cucumber.testng.FeatureWrapper)[pri:0, instance:testRunners.ChromeTestRunner@dd8ba08]" name="runScenario" class="io.cucumber.testng.AbstractTestNGCucumberTests"/>
      </group> <!-- cucumber -->
    </groups>
    <test started-at="2024-04-27T12:44:29 IST" name="Cucumber Test across chrome" finished-at="2024-04-27T12:44:40 IST" duration-ms="11371">
      <class name="testRunners.ChromeTestRunner">
        <test-method is-config="true" signature="defineBrowser(java.lang.String)[pri:0, instance:testRunners.ChromeTestRunner@dd8ba08]" started-at="2024-04-27T12:44:29 IST" name="defineBrowser" finished-at="2024-04-27T12:44:29 IST" duration-ms="13" status="PASS">
          <params>
            <param index="0">
              <value>
                <![CDATA[chrome]]>
              </value>
            </param>
          </params>
          <reporter-output>
          </reporter-output>
        </test-method> <!-- defineBrowser -->
        <test-method is-config="true" signature="setUpClass()[pri:0, instance:testRunners.ChromeTestRunner@dd8ba08]" started-at="2024-04-27T12:44:29 IST" name="setUpClass" finished-at="2024-04-27T12:44:29 IST" duration-ms="479" status="PASS">
          <reporter-output>
          </reporter-output>
        </test-method> <!-- setUpClass -->
        <test-method signature="runScenario(io.cucumber.testng.PickleWrapper,io.cucumber.testng.FeatureWrapper)[pri:0, instance:testRunners.ChromeTestRunner@dd8ba08]" started-at="2024-04-27T12:44:29 IST" name="runScenario" description="Runs Cucumber Scenarios" data-provider="scenarios" finished-at="2024-04-27T12:44:40 IST" duration-ms="10809" status="PASS">
          <params>
            <param index="0">
              <value>
                <![CDATA["Sort the displayed products at home page"]]>
              </value>
            </param>
            <param index="1">
              <value>
                <![CDATA["Optional[Testing SauceLabs Demo Website homepage feature]"]]>
              </value>
            </param>
          </params>
          <reporter-output>
          </reporter-output>
        </test-method> <!-- runScenario -->
        <test-method is-config="true" signature="tearDownClass()[pri:0, instance:testRunners.ChromeTestRunner@dd8ba08]" started-at="2024-04-27T12:44:40 IST" name="tearDownClass" finished-at="2024-04-27T12:44:40 IST" duration-ms="35" status="PASS">
          <reporter-output>
          </reporter-output>
        </test-method> <!-- tearDownClass -->
      </class> <!-- testRunners.ChromeTestRunner -->
    </test> <!-- Cucumber Test across chrome -->
  </suite> <!-- Cucumber Tests cross browser -->
</testng-results>
