<?xml version="1.0" encoding="UTF-8"?>
<!-- Generated by org.testng.reporters.JUnitXMLReporter -->
<testsuite ignored="0" hostname="Wolfden" failures="1" tests="12" name="Cucumber Test across firefox" time="66.502" errors="0" timestamp="2024-04-26T19:37:33 IST">
  <testcase classname="io.cucumber.testng.AbstractTestNGCucumberTests" name="runScenario" time="4.451">
    <failure type="io.cucumber.testng.UndefinedStepException" message="The step &amp;apos;I should be able to sort the displayed products by name A-Z&amp;apos; and 3 other step(s) are undefined.
You can implement these steps using the snippet(s) below:

@Then(&amp;quot;I should be able to sort the displayed products by name A-Z&amp;quot;)
public void i_should_be_able_to_sort_the_displayed_products_by_name_a_z() {
    // Write code here that turns the phrase above into concrete actions
    throw new io.cucumber.java.PendingException();
}
@Then(&amp;quot;I should be able to sort the displayed products by name Z-A&amp;quot;)
public void i_should_be_able_to_sort_the_displayed_products_by_name_z_a() {
    // Write code here that turns the phrase above into concrete actions
    throw new io.cucumber.java.PendingException();
}
@Then(&amp;quot;I should be able to sort the displayed products by price low to high&amp;quot;)
public void i_should_be_able_to_sort_the_displayed_products_by_price_low_to_high() {
    // Write code here that turns the phrase above into concrete actions
    throw new io.cucumber.java.PendingException();
}
@Then(&amp;quot;I should be able to sort the displayed products by price high to low&amp;quot;)
public void i_should_be_able_to_sort_the_displayed_products_by_price_high_to_low() {
    // Write code here that turns the phrase above into concrete actions
    throw new io.cucumber.java.PendingException();
}
">
      <![CDATA[io.cucumber.testng.UndefinedStepException: The step 'I should be able to sort the displayed products by name A-Z' and 3 other step(s) are undefined.
You can implement these steps using the snippet(s) below:

@Then("I should be able to sort the displayed products by name A-Z")
public void i_should_be_able_to_sort_the_displayed_products_by_name_a_z() {
    // Write code here that turns the phrase above into concrete actions
    throw new io.cucumber.java.PendingException();
}
@Then("I should be able to sort the displayed products by name Z-A")
public void i_should_be_able_to_sort_the_displayed_products_by_name_z_a() {
    // Write code here that turns the phrase above into concrete actions
    throw new io.cucumber.java.PendingException();
}
@Then("I should be able to sort the displayed products by price low to high")
public void i_should_be_able_to_sort_the_displayed_products_by_price_low_to_high() {
    // Write code here that turns the phrase above into concrete actions
    throw new io.cucumber.java.PendingException();
}
@Then("I should be able to sort the displayed products by price high to low")
public void i_should_be_able_to_sort_the_displayed_products_by_price_high_to_low() {
    // Write code here that turns the phrase above into concrete actions
    throw new io.cucumber.java.PendingException();
}

at io.cucumber.core.runtime.TestCaseResultObserver.assertTestCasePassed(TestCaseResultObserver.java:69)
at io.cucumber.testng.TestCaseResultObserver.assertTestCasePassed(TestCaseResultObserver.java:23)
at io.cucumber.testng.TestNGCucumberRunner.lambda$runScenario$1(TestNGCucumberRunner.java:135)
at io.cucumber.core.runtime.CucumberExecutionContext.runTestCase(CucumberExecutionContext.java:117)
at io.cucumber.testng.TestNGCucumberRunner.runScenario(TestNGCucumberRunner.java:131)
at io.cucumber.testng.AbstractTestNGCucumberTests.runScenario(AbstractTestNGCucumberTests.java:31)
at java.base/java.util.ArrayList.forEach(ArrayList.java:1511)
... Removed 27 stack frames]]>
    </failure>
  </testcase> <!-- runScenario -->
  <testcase classname="io.cucumber.testng.AbstractTestNGCucumberTests" name="runScenario" time="4.971"/>
  <testcase classname="io.cucumber.testng.AbstractTestNGCucumberTests" name="runScenario" time="5.367"/>
  <testcase classname="io.cucumber.testng.AbstractTestNGCucumberTests" name="runScenario" time="9.896"/>
  <testcase classname="io.cucumber.testng.AbstractTestNGCucumberTests" name="runScenario" time="5.294"/>
  <testcase classname="io.cucumber.testng.AbstractTestNGCucumberTests" name="runScenario" time="5.743"/>
  <testcase classname="io.cucumber.testng.AbstractTestNGCucumberTests" name="runScenario" time="4.982"/>
  <testcase classname="io.cucumber.testng.AbstractTestNGCucumberTests" name="runScenario" time="5.24"/>
  <testcase classname="io.cucumber.testng.AbstractTestNGCucumberTests" name="runScenario" time="4.935"/>
  <testcase classname="io.cucumber.testng.AbstractTestNGCucumberTests" name="runScenario" time="4.85"/>
  <testcase classname="io.cucumber.testng.AbstractTestNGCucumberTests" name="runScenario" time="5.207"/>
  <testcase classname="io.cucumber.testng.AbstractTestNGCucumberTests" name="runScenario" time="5.502"/>
</testsuite> <!-- Cucumber Test across firefox -->
